Base path: C:/Program Files (x86)/Unity/Editor/Data
Pipe name: \\.\pipe\UnityShaderCompiler-3-3956
Cmd: getPlatforms
Cmd: compileSnippet
  api=9 type=0 insize=4218 outsize=2890 kw=DIRECTIONAL SHADOWS_OFF LIGHTMAP_OFF DIRLIGHTMAP_OFF ok=1
Cmd: compileSnippet
  api=5 type=0 insize=4218 outsize=1730 kw=DIRECTIONAL SHADOWS_SCREEN LIGHTMAP_ON DIRLIGHTMAP_OFF ok=1
Cmd: compileSnippet
  api=9 type=0 insize=4218 outsize=4016 kw=DIRECTIONAL SHADOWS_OFF LIGHTMAP_OFF DIRLIGHTMAP_OFF VERTEXLIGHT_ON ok=1
Cmd: compileSnippet
  api=5 type=0 insize=4218 outsize=1633 kw=DIRECTIONAL SHADOWS_SCREEN SHADOWS_NATIVE LIGHTMAP_ON DIRLIGHTMAP_OFF ok=1
Cmd: compileSnippet
  api=9 type=0 insize=4218 outsize=1791 kw=DIRECTIONAL SHADOWS_SCREEN SHADOWS_NATIVE LIGHTMAP_ON DIRLIGHTMAP_ON ok=1
Cmd: compileSnippet
  api=9 type=1 insize=4218 outsize=7 kw=DIRECTIONAL SHADOWS_OFF LIGHTMAP_ON DIRLIGHTMAP_OFF ok=1
Cmd: compileSnippet
  api=5 type=1 insize=4218 outsize=6 kw=DIRECTIONAL SHADOWS_SCREEN LIGHTMAP_ON DIRLIGHTMAP_OFF ok=1
Cmd: compileSnippet
  api=5 type=0 insize=2257 outsize=1589 kw=DIRECTIONAL ok=1
Cmd: compileSnippet
  api=5 type=0 insize=2257 outsize=1843 kw=DIRECTIONAL_COOKIE ok=1
Cmd: compileSnippet
  api=5 type=1 insize=2257 outsize=6 kw=DIRECTIONAL_COOKIE ok=1
Cmd: compileSnippet
  api=9 type=0 insize=3970 outsize=2903 kw=LIGHTMAP_ON DIRLIGHTMAP_OFF HDR_LIGHT_PREPASS_OFF ok=1
Cmd: compileSnippet
  api=5 type=0 insize=3970 outsize=3293 kw=LIGHTMAP_OFF DIRLIGHTMAP_OFF HDR_LIGHT_PREPASS_ON ok=1
Cmd: compileSnippet
  api=9 type=1 insize=3970 outsize=7 kw=LIGHTMAP_ON DIRLIGHTMAP_OFF HDR_LIGHT_PREPASS_OFF ok=1
Cmd: compileSnippet
  api=5 type=1 insize=3970 outsize=6 kw=LIGHTMAP_ON DIRLIGHTMAP_ON HDR_LIGHT_PREPASS_ON ok=1
Cmd: compileSnippet
  api=9 type=0 insize=1118 outsize=1180 kw=LIGHTMAP_ON ok=1
Cmd: compileSnippet
  api=9 type=1 insize=1118 outsize=7 kw=LIGHTMAP_OFF ok=1
Cmd: compileSnippet
  api=9 type=0 insize=2152 outsize=3713 kw=LIGHTMAP_OFF ok=1
Cmd: compileSnippet
  api=9 type=1 insize=2152 outsize=7 kw=LIGHTMAP_OFF ok=1
Cmd: compileSnippet
  api=9 type=0 insize=1541 outsize=790 kw=LIGHTMAP_OFF ok=1
Cmd: compileSnippet
  api=5 type=1 insize=1541 outsize=6 kw=LIGHTMAP_ON ok=1
Cmd: compileSnippet
  api=9 type=1 insize=2756 outsize=7 kw= ok=1
Cmd: compileSnippet
  api=5 type=0 insize=2408 outsize=3679 kw= ok=1
Cmd: compileSnippet
  api=9 type=1 insize=1042 outsize=7 kw= ok=1
Cmd: compileSnippet
  api=9 type=1 insize=973 outsize=7 kw= ok=1
Cmd: compileSnippet
  api=9 type=0 insize=998 outsize=715 kw= ok=1
Cmd: compileSnippet
  api=9 type=1 insize=998 outsize=7 kw= ok=1
Cmd: compileSnippet
  api=9 type=0 insize=1528 outsize=1848 kw= ok=1
Cmd: compileSnippet
  api=9 type=0 insize=1623 outsize=1903 kw= ok=1
Cmd: compileSnippet
  api=9 type=0 insize=788 outsize=830 kw= ok=1
Cmd: compileSnippet
  api=9 type=0 insize=1984 outsize=3605 kw=LIGHTMAP_OFF ok=1
Cmd: compileSnippet
  api=9 type=1 insize=1984 outsize=7 kw=LIGHTMAP_OFF ok=1
Cmd: compileSnippet
  api=9 type=0 insize=2053 outsize=3721 kw=LIGHTMAP_OFF ok=1
Cmd: compileSnippet
  api=9 type=1 insize=2053 outsize=7 kw=LIGHTMAP_ON ok=1
Cmd: compileSnippet
  api=9 type=0 insize=2697 outsize=5626 kw= ok=1
Cmd: compileSnippet
  api=9 type=1 insize=2697 outsize=7 kw= ok=1
Cmd: compileSnippet
  api=9 type=0 insize=2323 outsize=2043 kw= ok=1
Cmd: compileSnippet
  api=9 type=0 insize=1846 outsize=4048 kw= ok=1
Cmd: compileSnippet
  api=9 type=0 insize=1551 outsize=1825 kw=LIGHTMAP_ON ok=1
Cmd: compileSnippet
  api=9 type=1 insize=1551 outsize=7 kw=LIGHTMAP_ON ok=1
Cmd: compileSnippet
  api=9 type=1 insize=1014 outsize=7 kw= ok=1
Cmd: compileSnippet
  api=9 type=1 insize=1020 outsize=7 kw= ok=1
Cmd: compileSnippet
  api=5 type=0 insize=1960 outsize=3318 kw=LIGHTMAP_ON ok=1
Cmd: compileSnippet
  api=5 type=1 insize=1960 outsize=6 kw=LIGHTMAP_ON ok=1
Cmd: compileSnippet
  api=9 type=0 insize=1972 outsize=2336 kw=LIGHTMAP_OFF ok=1
Cmd: compileSnippet
  api=9 type=1 insize=1972 outsize=7 kw=LIGHTMAP_ON ok=1
Unhandled exception: Readfile from pipe failed. GLE=The pipe has been ended.


Quitting shader compiler process
