Base path: C:/Program Files (x86)/Unity/Editor/Data
Pipe name: \\.\pipe\UnityShaderCompiler-4-5668
Cmd: getPlatforms
Cmd: compileSnippet
  api=9 type=0 insize=4218 outsize=1009 kw=DIRECTIONAL SHADOWS_OFF LIGHTMAP_ON DIRLIGHTMAP_OFF ok=1
Cmd: compileSnippet
  api=9 type=0 insize=4218 outsize=1138 kw=DIRECTIONAL SHADOWS_OFF LIGHTMAP_ON DIRLIGHTMAP_ON ok=1
Cmd: compileSnippet
  api=5 type=0 insize=4218 outsize=3992 kw=DIRECTIONAL SHADOWS_OFF LIGHTMAP_OFF DIRLIGHTMAP_OFF VERTEXLIGHT_ON ok=1
Cmd: compileSnippet
  api=9 type=0 insize=4218 outsize=3444 kw=DIRECTIONAL SHADOWS_SCREEN SHADOWS_NATIVE LIGHTMAP_OFF DIRLIGHTMAP_OFF ok=1
Cmd: compileSnippet
  api=5 type=0 insize=4218 outsize=1807 kw=DIRECTIONAL SHADOWS_SCREEN SHADOWS_NATIVE LIGHTMAP_ON DIRLIGHTMAP_ON ok=1
Cmd: compileSnippet
  api=9 type=0 insize=4218 outsize=4528 kw=DIRECTIONAL SHADOWS_SCREEN SHADOWS_NATIVE LIGHTMAP_OFF DIRLIGHTMAP_OFF VERTEXLIGHT_ON ok=1
Cmd: compileSnippet
  api=5 type=1 insize=4218 outsize=6 kw=DIRECTIONAL SHADOWS_OFF LIGHTMAP_OFF DIRLIGHTMAP_OFF ok=1
Cmd: compileSnippet
  api=5 type=1 insize=4218 outsize=6 kw=DIRECTIONAL SHADOWS_OFF LIGHTMAP_ON DIRLIGHTMAP_ON ok=1
Cmd: compileSnippet
  api=9 type=1 insize=4218 outsize=7 kw=DIRECTIONAL SHADOWS_OFF LIGHTMAP_ON DIRLIGHTMAP_ON ok=1
Cmd: compileSnippet
  api=5 type=1 insize=4218 outsize=6 kw=DIRECTIONAL SHADOWS_SCREEN LIGHTMAP_OFF DIRLIGHTMAP_OFF ok=1
Cmd: compileSnippet
  api=9 type=1 insize=4218 outsize=7 kw=DIRECTIONAL SHADOWS_SCREEN SHADOWS_NATIVE LIGHTMAP_OFF DIRLIGHTMAP_OFF ok=1
Cmd: compileSnippet
  api=5 type=1 insize=4218 outsize=6 kw=DIRECTIONAL SHADOWS_SCREEN SHADOWS_NATIVE LIGHTMAP_ON DIRLIGHTMAP_OFF ok=1
Cmd: compileSnippet
  api=9 type=1 insize=4218 outsize=7 kw=DIRECTIONAL SHADOWS_SCREEN SHADOWS_NATIVE LIGHTMAP_ON DIRLIGHTMAP_OFF ok=1
Cmd: compileSnippet
  api=5 type=1 insize=4218 outsize=6 kw=DIRECTIONAL SHADOWS_SCREEN SHADOWS_NATIVE LIGHTMAP_ON DIRLIGHTMAP_ON ok=1
Cmd: compileSnippet
  api=5 type=0 insize=2257 outsize=2029 kw=POINT ok=1
Cmd: compileSnippet
  api=5 type=0 insize=2257 outsize=2265 kw=SPOT ok=1
Cmd: compileSnippet
  api=9 type=0 insize=2257 outsize=2139 kw=POINT_COOKIE ok=1
Cmd: compileSnippet
  api=5 type=1 insize=2257 outsize=6 kw=POINT ok=1
Cmd: compileSnippet
  api=9 type=1 insize=2257 outsize=7 kw=DIRECTIONAL ok=1
Cmd: compileSnippet
  api=5 type=1 insize=2257 outsize=6 kw=SPOT ok=1
Cmd: compileSnippet
  api=9 type=1 insize=2257 outsize=7 kw=SPOT ok=1
Cmd: compileSnippet
  api=5 type=1 insize=2257 outsize=6 kw=POINT_COOKIE ok=1
Cmd: compileSnippet
  api=5 type=0 insize=1785 outsize=781 kw= ok=1
Cmd: compileSnippet
  api=5 type=1 insize=1785 outsize=6 kw= ok=1
Cmd: compileSnippet
  api=5 type=0 insize=3970 outsize=3302 kw=LIGHTMAP_OFF DIRLIGHTMAP_OFF HDR_LIGHT_PREPASS_OFF ok=1
Cmd: compileSnippet
  api=5 type=0 insize=3970 outsize=1973 kw=LIGHTMAP_ON DIRLIGHTMAP_ON HDR_LIGHT_PREPASS_OFF ok=1
Cmd: compileSnippet
  api=9 type=0 insize=3970 outsize=3315 kw=LIGHTMAP_OFF DIRLIGHTMAP_OFF HDR_LIGHT_PREPASS_ON ok=1
Cmd: compileSnippet
  api=5 type=0 insize=3970 outsize=1956 kw=LIGHTMAP_ON DIRLIGHTMAP_ON HDR_LIGHT_PREPASS_ON ok=1
Cmd: compileSnippet
  api=5 type=1 insize=3970 outsize=6 kw=LIGHTMAP_OFF DIRLIGHTMAP_OFF HDR_LIGHT_PREPASS_OFF ok=1
Cmd: compileSnippet
  api=5 type=1 insize=3970 outsize=6 kw=LIGHTMAP_ON DIRLIGHTMAP_ON HDR_LIGHT_PREPASS_OFF ok=1
Cmd: compileSnippet
  api=9 type=1 insize=3970 outsize=7 kw=LIGHTMAP_ON DIRLIGHTMAP_ON HDR_LIGHT_PREPASS_OFF ok=1
Cmd: compileSnippet
  api=5 type=1 insize=3970 outsize=6 kw=LIGHTMAP_OFF DIRLIGHTMAP_OFF HDR_LIGHT_PREPASS_ON ok=1
Cmd: compileSnippet
  api=9 type=1 insize=3970 outsize=7 kw=LIGHTMAP_OFF DIRLIGHTMAP_OFF HDR_LIGHT_PREPASS_ON ok=1
Cmd: compileSnippet
  api=5 type=1 insize=3970 outsize=6 kw=LIGHTMAP_ON DIRLIGHTMAP_OFF HDR_LIGHT_PREPASS_ON ok=1
Cmd: compileSnippet
  api=9 type=1 insize=3970 outsize=7 kw=LIGHTMAP_ON DIRLIGHTMAP_OFF HDR_LIGHT_PREPASS_ON ok=1
Cmd: compileSnippet
  api=9 type=0 insize=1118 outsize=1068 kw=LIGHTMAP_OFF ok=1
Cmd: compileSnippet
  api=5 type=1 insize=1118 outsize=6 kw=LIGHTMAP_ON ok=1
Cmd: compileSnippet
  api=9 type=0 insize=2152 outsize=4147 kw=LIGHTMAP_ON ok=1
Cmd: compileSnippet
  api=5 type=1 insize=2152 outsize=6 kw=LIGHTMAP_ON ok=1
Cmd: compileSnippet
  api=9 type=0 insize=1541 outsize=1193 kw=LIGHTMAP_ON ok=1
Cmd: compileSnippet
  api=9 type=1 insize=1541 outsize=7 kw=LIGHTMAP_ON ok=1
Cmd: compileSnippet
  api=5 type=0 insize=2756 outsize=5769 kw= ok=1
Cmd: compileSnippet
  api=9 type=0 insize=1042 outsize=823 kw= ok=1
Cmd: compileSnippet
  api=9 type=0 insize=1031 outsize=760 kw= ok=1
Cmd: compileSnippet
  api=9 type=1 insize=2001 outsize=7 kw= ok=1
Cmd: compileSnippet
  api=5 type=0 insize=1623 outsize=1876 kw= ok=1
Cmd: compileSnippet
  api=9 type=1 insize=1623 outsize=7 kw= ok=1
Cmd: compileSnippet
  api=9 type=1 insize=788 outsize=7 kw= ok=1
Cmd: compileSnippet
  api=9 type=0 insize=1984 outsize=3861 kw=LIGHTMAP_ON ok=1
Cmd: compileSnippet
  api=5 type=1 insize=1984 outsize=6 kw=LIGHTMAP_OFF ok=1
Cmd: compileSnippet
  api=9 type=0 insize=2053 outsize=3976 kw=LIGHTMAP_ON ok=1
Cmd: compileSnippet
  api=5 type=1 insize=2053 outsize=6 kw=LIGHTMAP_ON ok=1
Cmd: compileSnippet
  api=9 type=0 insize=3155 outsize=6100 kw= ok=1
Cmd: compileSnippet
  api=5 type=0 insize=1551 outsize=1805 kw=LIGHTMAP_ON ok=1
Cmd: compileSnippet
  api=5 type=1 insize=1551 outsize=6 kw=LIGHTMAP_ON ok=1
Cmd: compileSnippet
  api=9 type=0 insize=1014 outsize=851 kw= ok=1
Cmd: compileSnippet
  api=9 type=0 insize=1960 outsize=2811 kw=LIGHTMAP_OFF ok=1
Cmd: compileSnippet
  api=9 type=1 insize=1960 outsize=7 kw=LIGHTMAP_OFF ok=1
Cmd: compileSnippet
  api=5 type=0 insize=1972 outsize=2830 kw=LIGHTMAP_ON ok=1
Cmd: compileSnippet
  api=9 type=1 insize=1972 outsize=7 kw=LIGHTMAP_OFF ok=1
Unhandled exception: Readfile from pipe failed. GLE=The pipe has been ended.


Quitting shader compiler process
