Base path: C:/Program Files (x86)/Unity/Editor/Data
Pipe name: \\.\pipe\UnityShaderCompiler-1-5264
Cmd: getPlatforms
Cmd: preprocess
  insize=1072 outsize=260 ok=1
Cmd: preprocess
  insize=3642 outsize=1074 ok=1
Cmd: preprocess
  insize=4462 outsize=1030 ok=1
Cmd: preprocess
  insize=969 outsize=479 ok=1
Cmd: preprocess
  insize=3138 outsize=1381 ok=1
Cmd: preprocess
  insize=3165 outsize=779 ok=1
Cmd: preprocess
  insize=1042 outsize=433 ok=1
Cmd: preprocess
  insize=2483 outsize=1166 ok=1
Cmd: compileSnippet
  error: 2 plat 4 at (37): 'tex2Dproj': no matching 2 parameter intrinsic function; Possible intrinsic functions are: tex2Dproj(sampler2D, float4|half4|min10float4|min16float4)
  api=4 type=0 insize=1623 outsize=0 kw= ok=0
Cmd: preprocess
  insize=844 outsize=358 ok=1
Cmd: preprocess
  insize=976 outsize=457 ok=1
Cmd: preprocess
  insize=996 outsize=437 ok=1
Cmd: preprocess
  insize=865 outsize=409 ok=1
Cmd: preprocess
  insize=2368 outsize=692 ok=1
Cmd: preprocess
  insize=2487 outsize=742 ok=1
Cmd: preprocess
  insize=1587 outsize=478 ok=1
Cmd: preprocess
  insize=1176 outsize=382 ok=1
Cmd: preprocess
  insize=1489 outsize=689 ok=1
Cmd: preprocess
  insize=1006 outsize=447 ok=1
Cmd: preprocess
  insize=4282 outsize=954 ok=1
Cmd: preprocess
  insize=1007 outsize=446 ok=1
Cmd: preprocess
  insize=5667 outsize=2816 ok=1
Cmd: preprocess
  insize=945 outsize=501 ok=1
Cmd: preprocess
  insize=3077 outsize=782 ok=1
Cmd: preprocess
  insize=455 outsize=1201 ok=1
Cmd: preprocess
  insize=551 outsize=551 ok=1
Cmd: preprocess
  insize=1433 outsize=685 ok=1
Cmd: preprocess
  insize=830 outsize=830 ok=1
Cmd: preprocess
  insize=1647 outsize=935 ok=1
Cmd: preprocess
  insize=791 outsize=381 ok=1
Cmd: preprocess
  insize=847 outsize=342 ok=1
Cmd: preprocess
  insize=1725 outsize=1007 ok=1
Cmd: preprocess
  insize=3646 outsize=731 ok=1
Cmd: preprocess
  insize=885 outsize=441 ok=1
Cmd: preprocess
  insize=1433 outsize=550 ok=1
Cmd: compileSnippet
  api=5 type=0 insize=4218 outsize=978 kw=DIRECTIONAL SHADOWS_OFF LIGHTMAP_ON DIRLIGHTMAP_OFF ok=1
Cmd: compileSnippet
  api=5 type=0 insize=4218 outsize=3567 kw=DIRECTIONAL SHADOWS_SCREEN LIGHTMAP_OFF DIRLIGHTMAP_OFF ok=1
Cmd: compileSnippet
  api=5 type=0 insize=4218 outsize=3470 kw=DIRECTIONAL SHADOWS_SCREEN SHADOWS_NATIVE LIGHTMAP_OFF DIRLIGHTMAP_OFF ok=1
Cmd: compileSnippet
  api=9 type=0 insize=4218 outsize=1614 kw=DIRECTIONAL SHADOWS_SCREEN SHADOWS_NATIVE LIGHTMAP_ON DIRLIGHTMAP_OFF ok=1
Cmd: compileSnippet
  api=5 type=0 insize=4218 outsize=4554 kw=DIRECTIONAL SHADOWS_SCREEN SHADOWS_NATIVE LIGHTMAP_OFF DIRLIGHTMAP_OFF VERTEXLIGHT_ON ok=1
Cmd: compileSnippet
  api=5 type=1 insize=4218 outsize=6 kw=DIRECTIONAL SHADOWS_OFF LIGHTMAP_ON DIRLIGHTMAP_OFF ok=1
Cmd: compileSnippet
  api=5 type=1 insize=4218 outsize=6 kw=DIRECTIONAL SHADOWS_SCREEN SHADOWS_NATIVE LIGHTMAP_OFF DIRLIGHTMAP_OFF ok=1
Cmd: compileSnippet
  api=9 type=1 insize=4218 outsize=7 kw=DIRECTIONAL SHADOWS_SCREEN SHADOWS_NATIVE LIGHTMAP_ON DIRLIGHTMAP_ON ok=1
Cmd: compileSnippet
  api=9 type=0 insize=2257 outsize=2042 kw=POINT ok=1
Cmd: compileSnippet
  api=5 type=0 insize=2257 outsize=2130 kw=POINT_COOKIE ok=1
Cmd: compileSnippet
  api=9 type=0 insize=2257 outsize=1856 kw=DIRECTIONAL_COOKIE ok=1
Cmd: compileSnippet
  api=5 type=1 insize=2257 outsize=6 kw=DIRECTIONAL ok=1
Cmd: compileSnippet
  api=9 type=1 insize=2257 outsize=7 kw=DIRECTIONAL_COOKIE ok=1
Cmd: compileSnippet
  api=9 type=0 insize=1785 outsize=832 kw= ok=1
Cmd: compileSnippet
  api=9 type=1 insize=1785 outsize=7 kw= ok=1
Cmd: compileSnippet
  api=5 type=0 insize=3970 outsize=2894 kw=LIGHTMAP_ON DIRLIGHTMAP_OFF HDR_LIGHT_PREPASS_OFF ok=1
Cmd: compileSnippet
  api=9 type=0 insize=3970 outsize=1993 kw=LIGHTMAP_ON DIRLIGHTMAP_ON HDR_LIGHT_PREPASS_OFF ok=1
Cmd: compileSnippet
  api=5 type=0 insize=3970 outsize=2885 kw=LIGHTMAP_ON DIRLIGHTMAP_OFF HDR_LIGHT_PREPASS_ON ok=1
Cmd: compileSnippet
  api=9 type=0 insize=3970 outsize=1976 kw=LIGHTMAP_ON DIRLIGHTMAP_ON HDR_LIGHT_PREPASS_ON ok=1
Cmd: compileSnippet
  api=5 type=1 insize=3970 outsize=6 kw=LIGHTMAP_ON DIRLIGHTMAP_OFF HDR_LIGHT_PREPASS_OFF ok=1
Cmd: compileSnippet
  api=5 type=0 insize=1118 outsize=1030 kw=LIGHTMAP_OFF ok=1
Cmd: compileSnippet
  api=5 type=1 insize=1118 outsize=6 kw=LIGHTMAP_OFF ok=1
Cmd: compileSnippet
  api=5 type=0 insize=2152 outsize=3720 kw=LIGHTMAP_OFF ok=1
Cmd: compileSnippet
  api=5 type=1 insize=2152 outsize=6 kw=LIGHTMAP_OFF ok=1
Cmd: compileSnippet
  api=5 type=0 insize=1541 outsize=741 kw=LIGHTMAP_OFF ok=1
Cmd: compileSnippet
  api=5 type=1 insize=1541 outsize=6 kw=LIGHTMAP_OFF ok=1
Cmd: compileSnippet
  api=9 type=0 insize=2756 outsize=5753 kw= ok=1
Cmd: compileSnippet
  api=5 type=1 insize=2756 outsize=6 kw= ok=1
Cmd: compileSnippet
  api=9 type=0 insize=2408 outsize=3699 kw= ok=1
Cmd: compileSnippet
  api=5 type=1 insize=2408 outsize=6 kw= ok=1
Cmd: compileSnippet
  api=5 type=0 insize=1042 outsize=774 kw= ok=1
Cmd: compileSnippet
  api=5 type=1 insize=1042 outsize=6 kw= ok=1
Cmd: compileSnippet
  api=5 type=0 insize=1031 outsize=711 kw= ok=1
Cmd: compileSnippet
  api=5 type=1 insize=1031 outsize=6 kw= ok=1
Cmd: compileSnippet
  api=5 type=0 insize=973 outsize=594 kw= ok=1
Cmd: compileSnippet
  api=5 type=1 insize=973 outsize=6 kw= ok=1
Cmd: compileSnippet
  api=5 type=0 insize=998 outsize=666 kw= ok=1
Cmd: compileSnippet
  api=5 type=1 insize=998 outsize=6 kw= ok=1
Cmd: compileSnippet
  api=5 type=0 insize=2001 outsize=4751 kw= ok=1
Cmd: compileSnippet
  api=5 type=1 insize=2001 outsize=6 kw= ok=1
Cmd: compileSnippet
  api=5 type=0 insize=1528 outsize=1828 kw= ok=1
Cmd: compileSnippet
  api=5 type=1 insize=1528 outsize=6 kw= ok=1
Cmd: compileSnippet
  api=5 type=1 insize=1623 outsize=6 kw= ok=1
Cmd: compileSnippet
  api=5 type=0 insize=788 outsize=781 kw= ok=1
Cmd: compileSnippet
  api=5 type=1 insize=788 outsize=6 kw= ok=1
Cmd: compileSnippet
  api=5 type=0 insize=1984 outsize=3612 kw=LIGHTMAP_OFF ok=1
Cmd: compileSnippet
  api=5 type=1 insize=1984 outsize=6 kw=LIGHTMAP_ON ok=1
Cmd: compileSnippet
  api=5 type=0 insize=2053 outsize=3992 kw=LIGHTMAP_ON ok=1
Cmd: compileSnippet
  api=5 type=1 insize=2053 outsize=6 kw=LIGHTMAP_OFF ok=1
Cmd: compileSnippet
  api=5 type=0 insize=2697 outsize=5642 kw= ok=1
Cmd: compileSnippet
  api=5 type=1 insize=2697 outsize=6 kw= ok=1
Cmd: compileSnippet
  api=5 type=0 insize=2323 outsize=2023 kw= ok=1
Cmd: compileSnippet
  api=5 type=1 insize=2323 outsize=6 kw= ok=1
Cmd: compileSnippet
  api=5 type=0 insize=3155 outsize=6141 kw= ok=1
Cmd: compileSnippet
  api=5 type=1 insize=3155 outsize=6 kw= ok=1
Cmd: compileSnippet
  api=5 type=0 insize=1846 outsize=4073 kw= ok=1
Cmd: compileSnippet
  api=5 type=1 insize=1846 outsize=6 kw= ok=1
Cmd: compileSnippet
  api=5 type=0 insize=1551 outsize=1609 kw=LIGHTMAP_OFF ok=1
Cmd: compileSnippet
  api=5 type=1 insize=1551 outsize=6 kw=LIGHTMAP_OFF ok=1
Cmd: compileSnippet
  api=5 type=0 insize=1014 outsize=818 kw= ok=1
Cmd: compileSnippet
  api=5 type=1 insize=1014 outsize=6 kw= ok=1
Cmd: compileSnippet
  api=9 type=0 insize=1020 outsize=820 kw= ok=1
Cmd: compileSnippet
  api=5 type=1 insize=1020 outsize=6 kw= ok=1
Cmd: compileSnippet
  api=5 type=0 insize=1960 outsize=2797 kw=LIGHTMAP_OFF ok=1
Cmd: compileSnippet
  api=5 type=1 insize=1960 outsize=6 kw=LIGHTMAP_OFF ok=1
Cmd: compileSnippet
  api=5 type=0 insize=1972 outsize=2313 kw=LIGHTMAP_OFF ok=1
Cmd: compileSnippet
  api=5 type=1 insize=1972 outsize=6 kw=LIGHTMAP_OFF ok=1
